[1.647s] Invoking command in '/home/denys/ros2_ws/src/lab2': PYTHONPATH=/home/denys/ros2_ws/src/build/lab2/prefix_override:/home/denys/ros2_ws/src/install/lab2/lib/python3.10/site-packages:${PYTHONPATH} /usr/bin/python3 setup.py egg_info --egg-base ../build/lab2 build --build-base /home/denys/ros2_ws/src/build/lab2/build install --record /home/denys/ros2_ws/src/build/lab2/install.log --single-version-externally-managed
[1.901s] running egg_info
[1.902s] creating ../build/lab2/lab2.egg-info
[1.902s] writing ../build/lab2/lab2.egg-info/PKG-INFO
[1.902s] writing dependency_links to ../build/lab2/lab2.egg-info/dependency_links.txt
[1.902s] writing entry points to ../build/lab2/lab2.egg-info/entry_points.txt
[1.902s] writing requirements to ../build/lab2/lab2.egg-info/requires.txt
[1.902s] writing top-level names to ../build/lab2/lab2.egg-info/top_level.txt
[1.902s] writing manifest file '../build/lab2/lab2.egg-info/SOURCES.txt'
[1.927s] reading manifest file '../build/lab2/lab2.egg-info/SOURCES.txt'
[1.927s] writing manifest file '../build/lab2/lab2.egg-info/SOURCES.txt'
[1.927s] running build
[1.927s] running build_py
[1.927s] creating /home/denys/ros2_ws/src/build/lab2/build
[1.928s] creating /home/denys/ros2_ws/src/build/lab2/build/lib
[1.928s] creating /home/denys/ros2_ws/src/build/lab2/build/lib/lab2
[1.940s] copying lab2/turtles_spawner.py -> /home/denys/ros2_ws/src/build/lab2/build/lib/lab2
[1.944s] copying lab2/__init__.py -> /home/denys/ros2_ws/src/build/lab2/build/lib/lab2
[1.944s] running install
[1.944s] running install_lib
[1.944s] creating /home/denys/ros2_ws/src/install/lab2/lib/python3.10/site-packages/lab2
[1.944s] copying /home/denys/ros2_ws/src/build/lab2/build/lib/lab2/turtles_spawner.py -> /home/denys/ros2_ws/src/install/lab2/lib/python3.10/site-packages/lab2
[1.944s] copying /home/denys/ros2_ws/src/build/lab2/build/lib/lab2/__init__.py -> /home/denys/ros2_ws/src/install/lab2/lib/python3.10/site-packages/lab2
[1.944s] byte-compiling /home/denys/ros2_ws/src/install/lab2/lib/python3.10/site-packages/lab2/turtles_spawner.py to turtles_spawner.cpython-310.pyc
[1.944s] byte-compiling /home/denys/ros2_ws/src/install/lab2/lib/python3.10/site-packages/lab2/__init__.py to __init__.cpython-310.pyc
[1.944s] running install_data
[1.944s] creating /home/denys/ros2_ws/src/install/lab2/share/ament_index
[1.944s] creating /home/denys/ros2_ws/src/install/lab2/share/ament_index/resource_index
[1.944s] creating /home/denys/ros2_ws/src/install/lab2/share/ament_index/resource_index/packages
[1.944s] copying resource/lab2 -> /home/denys/ros2_ws/src/install/lab2/share/ament_index/resource_index/packages
[1.944s] copying package.xml -> /home/denys/ros2_ws/src/install/lab2/share/lab2
[1.944s] copying launch/lab2.launch.xml -> /home/denys/ros2_ws/src/install/lab2/share/lab2
[1.944s] running install_egg_info
[1.950s] Copying ../build/lab2/lab2.egg-info to /home/denys/ros2_ws/src/install/lab2/lib/python3.10/site-packages/lab2-0.0.0-py3.10.egg-info
[1.950s] running install_scripts
[2.023s] Installing turtle_spawner script to /home/denys/ros2_ws/src/install/lab2/lib/lab2
[2.040s] writing list of installed files to '/home/denys/ros2_ws/src/build/lab2/install.log'
[2.092s] Invoked command in '/home/denys/ros2_ws/src/lab2' returned '0': PYTHONPATH=/home/denys/ros2_ws/src/build/lab2/prefix_override:/home/denys/ros2_ws/src/install/lab2/lib/python3.10/site-packages:${PYTHONPATH} /usr/bin/python3 setup.py egg_info --egg-base ../build/lab2 build --build-base /home/denys/ros2_ws/src/build/lab2/build install --record /home/denys/ros2_ws/src/build/lab2/install.log --single-version-externally-managed
